<?xml version="1.0" encoding="UTF-8"?>
<testng-results ignored="0" total="2" passed="2" failed="0" skipped="0">
  <reporter-output>
  </reporter-output>
  <suite started-at="2021-12-25T12:21:29 IST" name="Suite : Appium" finished-at="2021-12-25T12:21:45 IST" duration-ms="16794">
    <groups>
    </groups>
    <test started-at="2021-12-25T12:21:29 IST" name="test : Appium" finished-at="2021-12-25T12:21:45 IST" duration-ms="16794">
      <class name="com.Appium.Testcases.TC_Calculator_001">
        <test-method is-config="true" signature="Setup()[pri:0, instance:com.Appium.Testcases.TC_Calculator_001@6200f9cb]" started-at="2021-12-25T12:21:18 IST" name="Setup" finished-at="2021-12-25T12:21:29 IST" duration-ms="10301" status="PASS">
          <reporter-output>
          </reporter-output>
        </test-method> <!-- Setup -->
        <test-method signature="ValidateAdditionOf7and8()[pri:0, instance:com.Appium.Testcases.TC_Calculator_001@6200f9cb]" started-at="2021-12-25T12:21:29 IST" name="ValidateAdditionOf7and8" finished-at="2021-12-25T12:21:37 IST" duration-ms="8778" status="PASS">
          <reporter-output>
          </reporter-output>
        </test-method> <!-- ValidateAdditionOf7and8 -->
        <test-method signature="ValidateMultiplicationOf9and8()[pri:0, instance:com.Appium.Testcases.TC_Calculator_001@6200f9cb]" started-at="2021-12-25T12:21:37 IST" name="ValidateMultiplicationOf9and8" finished-at="2021-12-25T12:21:45 IST" duration-ms="7979" status="PASS">
          <reporter-output>
          </reporter-output>
        </test-method> <!-- ValidateMultiplicationOf9and8 -->
        <test-method is-config="true" signature="tearDown()[pri:0, instance:com.Appium.Testcases.TC_Calculator_001@6200f9cb]" started-at="2021-12-25T12:21:45 IST" name="tearDown" finished-at="2021-12-25T12:21:46 IST" duration-ms="820" status="PASS">
          <reporter-output>
          </reporter-output>
        </test-method> <!-- tearDown -->
      </class> <!-- com.Appium.Testcases.TC_Calculator_001 -->
    </test> <!-- test : Appium -->
  </suite> <!-- Suite : Appium -->
</testng-results>
