<?xml version="1.0" encoding="UTF-8"?>
<testng-results ignored="0" total="1" passed="1" failed="0" skipped="0">
  <reporter-output>
  </reporter-output>
  <suite started-at="2021-12-25T10:45:04 IST" name="Default suite" finished-at="2021-12-25T10:45:13 IST" duration-ms="8843">
    <groups>
    </groups>
    <test started-at="2021-12-25T10:45:04 IST" name="Default test" finished-at="2021-12-25T10:45:13 IST" duration-ms="8843">
      <class name="com.Appium.Testcases.TC_Calculator_001">
        <test-method is-config="true" signature="Setup()[pri:0, instance:com.Appium.Testcases.TC_Calculator_001@1e04fa0a]" started-at="2021-12-25T10:44:53 IST" name="Setup" finished-at="2021-12-25T10:45:04 IST" duration-ms="11157" status="PASS">
          <reporter-output>
          </reporter-output>
        </test-method> <!-- Setup -->
        <test-method signature="Add_Calculator()[pri:0, instance:com.Appium.Testcases.TC_Calculator_001@1e04fa0a]" started-at="2021-12-25T10:45:04 IST" name="Add_Calculator" finished-at="2021-12-25T10:45:13 IST" duration-ms="8804" status="PASS">
          <reporter-output>
          </reporter-output>
        </test-method> <!-- Add_Calculator -->
        <test-method is-config="true" signature="tearDown()[pri:0, instance:com.Appium.Testcases.TC_Calculator_001@1e04fa0a]" started-at="2021-12-25T10:45:13 IST" name="tearDown" finished-at="2021-12-25T10:45:14 IST" duration-ms="847" status="PASS">
          <reporter-output>
          </reporter-output>
        </test-method> <!-- tearDown -->
      </class> <!-- com.Appium.Testcases.TC_Calculator_001 -->
    </test> <!-- Default test -->
  </suite> <!-- Default suite -->
</testng-results>
